<?xml version="1.0" encoding="UTF-8"?>
<testng-results ignored="0" total="1" passed="1" failed="0" skipped="0">
  <reporter-output>
  </reporter-output>
  <suite started-at="2024-03-19T23:33:22 IST" name="Suite" finished-at="2024-03-19T23:35:27 IST" duration-ms="125348">
    <groups>
      <group name="sanity">
        <method signature="TC_005_MyProfilePage.test_MyPeofile()[pri:0, instance:testCases.TC_005_MyProfilePage@815b41f]" name="test_MyPeofile" class="testCases.TC_005_MyProfilePage"/>
      </group> <!-- sanity -->
      <group name="master">
        <method signature="TC_005_MyProfilePage.test_MyPeofile()[pri:0, instance:testCases.TC_005_MyProfilePage@815b41f]" name="test_MyPeofile" class="testCases.TC_005_MyProfilePage"/>
      </group> <!-- master -->
    </groups>
    <test started-at="2024-03-19T23:33:22 IST" name="Test" finished-at="2024-03-19T23:35:27 IST" duration-ms="125348">
      <class name="testCases.TC_005_MyProfilePage">
        <test-method is-config="true" signature="setup(java.lang.String,java.lang.String)[pri:0, instance:testCases.TC_005_MyProfilePage@815b41f]" started-at="2024-03-19T23:33:22 IST" name="setup" finished-at="2024-03-19T23:33:43 IST" duration-ms="20841" status="PASS">
          <params>
            <param index="0">
              <value>
                <![CDATA[Windows]]>
              </value>
            </param>
            <param index="1">
              <value>
                <![CDATA[chrome]]>
              </value>
            </param>
          </params>
          <reporter-output>
          </reporter-output>
        </test-method> <!-- setup -->
        <test-method signature="test_MyPeofile()[pri:0, instance:testCases.TC_005_MyProfilePage@815b41f]" started-at="2024-03-19T23:33:43 IST" name="test_MyPeofile" finished-at="2024-03-19T23:35:27 IST" duration-ms="103904" status="PASS">
          <reporter-output>
          </reporter-output>
        </test-method> <!-- test_MyPeofile -->
        <test-method is-config="true" signature="tearDown()[pri:0, instance:testCases.TC_005_MyProfilePage@815b41f]" started-at="2024-03-19T23:35:27 IST" name="tearDown" finished-at="2024-03-19T23:35:27 IST" duration-ms="2" status="PASS">
          <reporter-output>
          </reporter-output>
        </test-method> <!-- tearDown -->
      </class> <!-- testCases.TC_005_MyProfilePage -->
    </test> <!-- Test -->
  </suite> <!-- Suite -->
</testng-results>
